<?xml version="1.0" encoding="UTF-8"?>
<!-- Generated by org.testng.reporters.JUnitXMLReporter -->
<testsuite ignored="11" hostname="FVFHXEPAQ6LR" failures="0" tests="1" name="Test1" time="11.148" errors="0" timestamp="2023-05-11T16:16:53 IST">
  <testcase classname="Comm_test.TestNGPC1" name="Google" time="0.18"/>
  <testcase classname="Comm_test.BaseClass" name="@AfterTest afterTest" time="0.0">
    <ignored/>
  </testcase> <!-- @AfterTest afterTest -->
  <testcase classname="Comm_test.TestNGPC2" name="B" time="0.0">
    <ignored/>
  </testcase> <!-- B -->
  <testcase classname="Comm_test.BaseClass" name="@AfterTest afterTest" time="0.0">
    <ignored/>
  </testcase> <!-- @AfterTest afterTest -->
  <testcase classname="Comm_test.TestNGPC2" name="A" time="0.0">
    <ignored/>
  </testcase> <!-- A -->
  <testcase classname="Comm_test.BaseClass" name="@BeforeSuite beforeSuite" time="0.0">
    <ignored/>
  </testcase> <!-- @BeforeSuite beforeSuite -->
  <testcase classname="Comm_test.TestNGPC1" name="D" time="0.0">
    <ignored/>
  </testcase> <!-- D -->
  <testcase classname="Comm_test.BaseClass" name="@AfterSuite afterSuite" time="0.0">
    <ignored/>
  </testcase> <!-- @AfterSuite afterSuite -->
  <testcase classname="Comm_test.BaseClass" name="@BeforeSuite beforeSuite" time="0.0">
    <ignored/>
  </testcase> <!-- @BeforeSuite beforeSuite -->
  <testcase classname="Comm_test.BaseClass" name="@BeforeTest beforeTest" time="0.0">
    <ignored/>
  </testcase> <!-- @BeforeTest beforeTest -->
  <testcase classname="Comm_test.BaseClass" name="@BeforeTest beforeTest" time="0.0">
    <ignored/>
  </testcase> <!-- @BeforeTest beforeTest -->
  <testcase classname="Comm_test.BaseClass" name="@AfterSuite afterSuite" time="0.0">
    <ignored/>
  </testcase> <!-- @AfterSuite afterSuite -->
</testsuite> <!-- Test1 -->
