<?xml version="1.0" encoding="UTF-8"?>
<!-- Generated by org.testng.reporters.JUnitXMLReporter -->
<testsuite ignored="4" hostname="FVFHXEPAQ6LR" failures="0" tests="4" name="Test" time="11.424" errors="0" timestamp="2023-05-17T16:50:31 IST">
  <testcase classname="Comm_test.TestNGPC1" name="D" time="0.011"/>
  <testcase classname="Comm_test.TestNGPC1" name="Google" time="0.16"/>
  <testcase classname="Comm_test.TestNGPC2" name="B" time="0.003"/>
  <testcase classname="Comm_test.TestNGPC2" name="A" time="0.002"/>
  <testcase classname="Comm_test.BaseClass" name="@AfterTest afterTest" time="0.0">
    <ignored/>
  </testcase> <!-- @AfterTest afterTest -->
  <testcase classname="Comm_test.BaseClass" name="@BeforeSuite beforeSuite" time="0.0">
    <ignored/>
  </testcase> <!-- @BeforeSuite beforeSuite -->
  <testcase classname="Comm_test.BaseClass" name="@AfterSuite afterSuite" time="0.0">
    <ignored/>
  </testcase> <!-- @AfterSuite afterSuite -->
  <testcase classname="Comm_test.BaseClass" name="@BeforeTest beforeTest" time="0.0">
    <ignored/>
  </testcase> <!-- @BeforeTest beforeTest -->
</testsuite> <!-- Test -->
