<?xml version="1.0" encoding="UTF-8"?>
<testng-results ignored="4" total="8" passed="4" failed="0" skipped="0">
  <reporter-output>
  </reporter-output>
  <suite started-at="2023-05-17T16:50:19 IST" name="Suite" finished-at="2023-05-17T16:50:31 IST" duration-ms="11424">
    <groups>
    </groups>
    <test started-at="2023-05-17T16:50:19 IST" name="Test" finished-at="2023-05-17T16:50:31 IST" duration-ms="11424">
      <class name="Comm_test.TestNGPC1">
        <test-method is-config="true" signature="beforeSuite()[pri:0, instance:Comm_test.TestNGPC1@248e319b]" started-at="2023-05-17T16:50:19 IST" name="beforeSuite" finished-at="2023-05-17T16:50:19 IST" duration-ms="14" status="PASS">
          <reporter-output>
          </reporter-output>
        </test-method> <!-- beforeSuite -->
        <test-method is-config="true" signature="beforeTest()[pri:0, instance:Comm_test.TestNGPC1@248e319b]" started-at="2023-05-17T16:50:19 IST" name="beforeTest" finished-at="2023-05-17T16:50:25 IST" duration-ms="5525" status="PASS">
          <reporter-output>
          </reporter-output>
        </test-method> <!-- beforeTest -->
        <test-method is-config="true" signature="beforeClass()[pri:0, instance:Comm_test.TestNGPC1@248e319b]" started-at="2023-05-17T16:50:25 IST" name="beforeClass" finished-at="2023-05-17T16:50:25 IST" duration-ms="7" status="PASS">
          <reporter-output>
          </reporter-output>
        </test-method> <!-- beforeClass -->
        <test-method is-config="true" signature="beforeMethod()[pri:0, instance:Comm_test.TestNGPC1@248e319b]" started-at="2023-05-17T16:50:25 IST" name="beforeMethod" finished-at="2023-05-17T16:50:25 IST" duration-ms="0" status="PASS">
          <reporter-output>
          </reporter-output>
        </test-method> <!-- beforeMethod -->
        <test-method signature="D()[pri:0, instance:Comm_test.TestNGPC1@248e319b]" started-at="2023-05-17T16:50:25 IST" name="D" finished-at="2023-05-17T16:50:25 IST" duration-ms="11" status="PASS">
          <reporter-output>
          </reporter-output>
        </test-method> <!-- D -->
        <test-method is-config="true" signature="afterMethod()[pri:0, instance:Comm_test.TestNGPC1@248e319b]" started-at="2023-05-17T16:50:25 IST" name="afterMethod" finished-at="2023-05-17T16:50:25 IST" duration-ms="0" status="PASS">
          <reporter-output>
          </reporter-output>
        </test-method> <!-- afterMethod -->
        <test-method is-config="true" signature="beforeMethod()[pri:0, instance:Comm_test.TestNGPC1@248e319b]" started-at="2023-05-17T16:50:25 IST" name="beforeMethod" finished-at="2023-05-17T16:50:25 IST" duration-ms="0" status="PASS">
          <reporter-output>
          </reporter-output>
        </test-method> <!-- beforeMethod -->
        <test-method signature="Google()[pri:0, instance:Comm_test.TestNGPC1@248e319b]" started-at="2023-05-17T16:50:25 IST" name="Google" finished-at="2023-05-17T16:50:25 IST" duration-ms="160" status="PASS">
          <reporter-output>
          </reporter-output>
        </test-method> <!-- Google -->
        <test-method is-config="true" signature="afterMethod()[pri:0, instance:Comm_test.TestNGPC1@248e319b]" started-at="2023-05-17T16:50:25 IST" name="afterMethod" finished-at="2023-05-17T16:50:25 IST" duration-ms="1" status="PASS">
          <reporter-output>
          </reporter-output>
        </test-method> <!-- afterMethod -->
        <test-method is-config="true" signature="afterClass()[pri:0, instance:Comm_test.TestNGPC1@248e319b]" started-at="2023-05-17T16:50:25 IST" name="afterClass" finished-at="2023-05-17T16:50:25 IST" duration-ms="0" status="PASS">
          <reporter-output>
          </reporter-output>
        </test-method> <!-- afterClass -->
        <test-method is-config="true" signature="afterTest()[pri:0, instance:Comm_test.TestNGPC1@248e319b]" started-at="2023-05-17T16:50:25 IST" name="afterTest" finished-at="2023-05-17T16:50:31 IST" duration-ms="5641" status="PASS">
          <reporter-output>
          </reporter-output>
        </test-method> <!-- afterTest -->
        <test-method is-config="true" signature="afterSuite()[pri:0, instance:Comm_test.TestNGPC1@248e319b]" started-at="2023-05-17T16:50:31 IST" name="afterSuite" finished-at="2023-05-17T16:50:31 IST" duration-ms="1" status="PASS">
          <reporter-output>
          </reporter-output>
        </test-method> <!-- afterSuite -->
      </class> <!-- Comm_test.TestNGPC1 -->
      <class name="Comm_test.TestNGPC2">
        <test-method is-config="true" signature="beforeClass()[pri:0, instance:Comm_test.TestNGPC2@7ef82753]" started-at="2023-05-17T16:50:25 IST" name="beforeClass" finished-at="2023-05-17T16:50:25 IST" duration-ms="1" status="PASS">
          <reporter-output>
          </reporter-output>
        </test-method> <!-- beforeClass -->
        <test-method signature="B()[pri:0, instance:Comm_test.TestNGPC2@7ef82753]" started-at="2023-05-17T16:50:25 IST" name="B" finished-at="2023-05-17T16:50:25 IST" duration-ms="3" status="PASS">
          <reporter-output>
          </reporter-output>
        </test-method> <!-- B -->
        <test-method is-config="true" signature="beforeMethod()[pri:0, instance:Comm_test.TestNGPC2@7ef82753]" started-at="2023-05-17T16:50:25 IST" name="beforeMethod" finished-at="2023-05-17T16:50:25 IST" duration-ms="0" status="PASS">
          <reporter-output>
          </reporter-output>
        </test-method> <!-- beforeMethod -->
        <test-method is-config="true" signature="afterMethod()[pri:0, instance:Comm_test.TestNGPC2@7ef82753]" started-at="2023-05-17T16:50:25 IST" name="afterMethod" finished-at="2023-05-17T16:50:25 IST" duration-ms="0" status="PASS">
          <reporter-output>
          </reporter-output>
        </test-method> <!-- afterMethod -->
        <test-method is-config="true" signature="beforeMethod()[pri:0, instance:Comm_test.TestNGPC2@7ef82753]" started-at="2023-05-17T16:50:25 IST" name="beforeMethod" finished-at="2023-05-17T16:50:25 IST" duration-ms="1" status="PASS">
          <reporter-output>
          </reporter-output>
        </test-method> <!-- beforeMethod -->
        <test-method signature="A()[pri:1, instance:Comm_test.TestNGPC2@7ef82753]" started-at="2023-05-17T16:50:25 IST" name="A" finished-at="2023-05-17T16:50:25 IST" duration-ms="2" status="PASS">
          <reporter-output>
          </reporter-output>
        </test-method> <!-- A -->
        <test-method is-config="true" signature="afterMethod()[pri:0, instance:Comm_test.TestNGPC2@7ef82753]" started-at="2023-05-17T16:50:25 IST" name="afterMethod" finished-at="2023-05-17T16:50:25 IST" duration-ms="0" status="PASS">
          <reporter-output>
          </reporter-output>
        </test-method> <!-- afterMethod -->
        <test-method is-config="true" signature="afterClass()[pri:0, instance:Comm_test.TestNGPC2@7ef82753]" started-at="2023-05-17T16:50:25 IST" name="afterClass" finished-at="2023-05-17T16:50:25 IST" duration-ms="1" status="PASS">
          <reporter-output>
          </reporter-output>
        </test-method> <!-- afterClass -->
      </class> <!-- Comm_test.TestNGPC2 -->
    </test> <!-- Test -->
  </suite> <!-- Suite -->
</testng-results>
